Start the analysis on: 31 participants
targeted voxel's group mask: MNI_GM_3mm
/cerebro/cerebro1/dataset/bmpd/derivatives/HealthyControls_project//hc_project_analyses/mask/brain/MNI_GM_3mm.nii.gz
/cerebro/cerebro1/dataset/bmpd/derivatives/HealthyControls_project//hc_project_analyses/mask/spinalcord/full/gmwm/C1C7_VL_gmwm.nii.gz
/cerebro/cerebro1/dataset/bmpd/derivatives/thibault_test/code/toolbox/bmpd_python/lib/python3.6/site-packages/nilearn/__init__.py:69: FutureWarning: Python 3.6 support is deprecated and will be removed in release 0.10 of Nilearn. Consider switching to Python 3.8 or 3.9.
  _python_deprecation_warnings()
/cerebro/cerebro1/dataset/bmpd/derivatives/thibault_test/code/toolbox/bmpd_python/lib/python3.6/site-packages/outdated/utils.py:18: OutdatedPackageWarning: The package outdated is out of date. Your version is 0.2.1, the latest is 0.2.2.
Set the environment variable OUTDATED_IGNORE=1 to disable these warnings.
  **kwargs
/cerebro/cerebro1/dataset/bmpd/derivatives/thibault_test/code/toolbox/bmpd_python/lib/python3.6/site-packages/outdated/utils.py:18: OutdatedPackageWarning: The package pingouin is out of date. Your version is 0.3.11, the latest is 0.5.3.
Set the environment variable OUTDATED_IGNORE=1 to disable these warnings.
  **kwargs
data extracted:   0%|          | 0/1 [00:00<?, ?it/s]/cerebro/cerebro1/dataset/bmpd/derivatives/thibault_test/code/toolbox/bmpd_python/lib/python3.6/site-packages/nilearn/__init__.py:69: FutureWarning: Python 3.6 support is deprecated and will be removed in release 0.10 of Nilearn. Consider switching to Python 3.8 or 3.9.
  _python_deprecation_warnings()
/cerebro/cerebro1/dataset/bmpd/derivatives/thibault_test/code/toolbox/bmpd_python/lib/python3.6/site-packages/outdated/utils.py:18: OutdatedPackageWarning: The package outdated is out of date. Your version is 0.2.1, the latest is 0.2.2.
Set the environment variable OUTDATED_IGNORE=1 to disable these warnings.
  **kwargs
/cerebro/cerebro1/dataset/bmpd/derivatives/thibault_test/code/toolbox/bmpd_python/lib/python3.6/site-packages/outdated/utils.py:18: OutdatedPackageWarning: The package pingouin is out of date. Your version is 0.3.11, the latest is 0.5.3.
Set the environment variable OUTDATED_IGNORE=1 to disable these warnings.
  **kwargs
/cerebro/cerebro1/dataset/bmpd/derivatives/thibault_test/code/toolbox/bmpd_python/lib/python3.6/site-packages/nilearn/image/resampling.py:453: UserWarning: The provided image has no sform in its header. Please check the provided file. Results may not be as expected.
  warnings.warn("The provided image has no sform in its header. "
/cerebro/cerebro1/dataset/bmpd/derivatives/thibault_test/code/toolbox/bmpd_python/lib/python3.6/site-packages/nilearn/image/resampling.py:453: UserWarning: The provided image has no sform in its header. Please check the provided file. Results may not be as expected.
  warnings.warn("The provided image has no sform in its header. "
/cerebro/cerebro1/dataset/bmpd/derivatives/thibault_test/code/toolbox/bmpd_python/lib/python3.6/site-packages/scipy/stats/stats.py:2500: RuntimeWarning: invalid value encountered in true_divide
  return (a - mns) / sstd
/cerebro/cerebro1/dataset/bmpd/derivatives/thibault_test/code/toolbox/bmpd_python/lib/python3.6/site-packages/nilearn/image/resampling.py:453: UserWarning: The provided image has no sform in its header. Please check the provided file. Results may not be as expected.
  warnings.warn("The provided image has no sform in its header. "
/cerebro/cerebro1/dataset/bmpd/derivatives/thibault_test/code/toolbox/bmpd_python/lib/python3.6/site-packages/nilearn/image/resampling.py:453: UserWarning: The provided image has no sform in its header. Please check the provided file. Results may not be as expected.
  warnings.warn("The provided image has no sform in its header. "
/cerebro/cerebro1/dataset/bmpd/derivatives/thibault_test/code/toolbox/bmpd_python/lib/python3.6/site-packages/nilearn/image/resampling.py:453: UserWarning: The provided image has no sform in its header. Please check the provided file. Results may not be as expected.
  warnings.warn("The provided image has no sform in its header. "
/cerebro/cerebro1/dataset/bmpd/derivatives/thibault_test/code/toolbox/bmpd_python/lib/python3.6/site-packages/scipy/stats/stats.py:2500: RuntimeWarning: invalid value encountered in true_divide
  return (a - mns) / sstd
/cerebro/cerebro1/dataset/bmpd/derivatives/thibault_test/code/toolbox/bmpd_python/lib/python3.6/site-packages/nilearn/image/resampling.py:453: UserWarning: The provided image has no sform in its header. Please check the provided file. Results may not be as expected.
  warnings.warn("The provided image has no sform in its header. "
/cerebro/cerebro1/dataset/bmpd/derivatives/thibault_test/code/toolbox/bmpd_python/lib/python3.6/site-packages/scipy/stats/stats.py:2500: RuntimeWarning: invalid value encountered in true_divide
  return (a - mns) / sstd
/cerebro/cerebro1/dataset/bmpd/derivatives/thibault_test/code/toolbox/bmpd_python/lib/python3.6/site-packages/nilearn/image/resampling.py:453: UserWarning: The provided image has no sform in its header. Please check the provided file. Results may not be as expected.
  warnings.warn("The provided image has no sform in its header. "
/cerebro/cerebro1/dataset/bmpd/derivatives/thibault_test/code/toolbox/bmpd_python/lib/python3.6/site-packages/nilearn/image/resampling.py:453: UserWarning: The provided image has no sform in its header. Please check the provided file. Results may not be as expected.
  warnings.warn("The provided image has no sform in its header. "
/cerebro/cerebro1/dataset/bmpd/derivatives/thibault_test/code/toolbox/bmpd_python/lib/python3.6/site-packages/scipy/stats/stats.py:2500: RuntimeWarning: invalid value encountered in true_divide
  return (a - mns) / sstd
/cerebro/cerebro1/dataset/bmpd/derivatives/thibault_test/code/toolbox/bmpd_python/lib/python3.6/site-packages/nilearn/__init__.py:69: FutureWarning: Python 3.6 support is deprecated and will be removed in release 0.10 of Nilearn. Consider switching to Python 3.8 or 3.9.
  _python_deprecation_warnings()
/cerebro/cerebro1/dataset/bmpd/derivatives/thibault_test/code/toolbox/bmpd_python/lib/python3.6/site-packages/outdated/utils.py:18: OutdatedPackageWarning: The package outdated is out of date. Your version is 0.2.1, the latest is 0.2.2.
Set the environment variable OUTDATED_IGNORE=1 to disable these warnings.
  **kwargs
/cerebro/cerebro1/dataset/bmpd/derivatives/thibault_test/code/toolbox/bmpd_python/lib/python3.6/site-packages/outdated/utils.py:18: OutdatedPackageWarning: The package pingouin is out of date. Your version is 0.3.11, the latest is 0.5.3.
Set the environment variable OUTDATED_IGNORE=1 to disable these warnings.
  **kwargs
/cerebro/cerebro1/dataset/bmpd/derivatives/thibault_test/code/toolbox/bmpd_python/lib/python3.6/site-packages/nilearn/image/resampling.py:453: UserWarning: The provided image has no sform in its header. Please check the provided file. Results may not be as expected.
  warnings.warn("The provided image has no sform in its header. "
/cerebro/cerebro1/dataset/bmpd/derivatives/thibault_test/code/toolbox/bmpd_python/lib/python3.6/site-packages/scipy/stats/stats.py:2500: RuntimeWarning: invalid value encountered in true_divide
  return (a - mns) / sstd
/cerebro/cerebro1/dataset/bmpd/derivatives/thibault_test/code/toolbox/bmpd_python/lib/python3.6/site-packages/nilearn/image/resampling.py:453: UserWarning: The provided image has no sform in its header. Please check the provided file. Results may not be as expected.
  warnings.warn("The provided image has no sform in its header. "
/cerebro/cerebro1/dataset/bmpd/derivatives/thibault_test/code/toolbox/bmpd_python/lib/python3.6/site-packages/nilearn/image/resampling.py:453: UserWarning: The provided image has no sform in its header. Please check the provided file. Results may not be as expected.
  warnings.warn("The provided image has no sform in its header. "
/cerebro/cerebro1/dataset/bmpd/derivatives/thibault_test/code/toolbox/bmpd_python/lib/python3.6/site-packages/scipy/stats/stats.py:2500: RuntimeWarning: invalid value encountered in true_divide
  return (a - mns) / sstd
/cerebro/cerebro1/dataset/bmpd/derivatives/thibault_test/code/toolbox/bmpd_python/lib/python3.6/site-packages/nilearn/image/resampling.py:453: UserWarning: The provided image has no sform in its header. Please check the provided file. Results may not be as expected.
  warnings.warn("The provided image has no sform in its header. "
/cerebro/cerebro1/dataset/bmpd/derivatives/thibault_test/code/toolbox/bmpd_python/lib/python3.6/site-packages/nilearn/image/resampling.py:453: UserWarning: The provided image has no sform in its header. Please check the provided file. Results may not be as expected.
  warnings.warn("The provided image has no sform in its header. "
/cerebro/cerebro1/dataset/bmpd/derivatives/thibault_test/code/toolbox/bmpd_python/lib/python3.6/site-packages/nilearn/image/resampling.py:453: UserWarning: The provided image has no sform in its header. Please check the provided file. Results may not be as expected.
  warnings.warn("The provided image has no sform in its header. "
/cerebro/cerebro1/dataset/bmpd/derivatives/thibault_test/code/toolbox/bmpd_python/lib/python3.6/site-packages/scipy/stats/stats.py:2500: RuntimeWarning: invalid value encountered in true_divide
  return (a - mns) / sstd
/cerebro/cerebro1/dataset/bmpd/derivatives/thibault_test/code/toolbox/bmpd_python/lib/python3.6/site-packages/nilearn/image/resampling.py:453: UserWarning: The provided image has no sform in its header. Please check the provided file. Results may not be as expected.
  warnings.warn("The provided image has no sform in its header. "
/cerebro/cerebro1/dataset/bmpd/derivatives/thibault_test/code/toolbox/bmpd_python/lib/python3.6/site-packages/nilearn/image/resampling.py:453: UserWarning: The provided image has no sform in its header. Please check the provided file. Results may not be as expected.
  warnings.warn("The provided image has no sform in its header. "
/cerebro/cerebro1/dataset/bmpd/derivatives/thibault_test/code/toolbox/bmpd_python/lib/python3.6/site-packages/nilearn/image/resampling.py:453: UserWarning: The provided image has no sform in its header. Please check the provided file. Results may not be as expected.
  warnings.warn("The provided image has no sform in its header. "
/cerebro/cerebro1/dataset/bmpd/derivatives/thibault_test/code/toolbox/bmpd_python/lib/python3.6/site-packages/nilearn/__init__.py:69: FutureWarning: Python 3.6 support is deprecated and will be removed in release 0.10 of Nilearn. Consider switching to Python 3.8 or 3.9.
  _python_deprecation_warnings()
/cerebro/cerebro1/dataset/bmpd/derivatives/thibault_test/code/toolbox/bmpd_python/lib/python3.6/site-packages/outdated/utils.py:18: OutdatedPackageWarning: The package pingouin is out of date. Your version is 0.3.11, the latest is 0.5.3.
Set the environment variable OUTDATED_IGNORE=1 to disable these warnings.
  **kwargs
/cerebro/cerebro1/dataset/bmpd/derivatives/thibault_test/code/toolbox/bmpd_python/lib/python3.6/site-packages/outdated/utils.py:18: OutdatedPackageWarning: The package outdated is out of date. Your version is 0.2.1, the latest is 0.2.2.
Set the environment variable OUTDATED_IGNORE=1 to disable these warnings.
  **kwargs
/cerebro/cerebro1/dataset/bmpd/derivatives/thibault_test/code/toolbox/bmpd_python/lib/python3.6/site-packages/nilearn/image/resampling.py:453: UserWarning: The provided image has no sform in its header. Please check the provided file. Results may not be as expected.
  warnings.warn("The provided image has no sform in its header. "
/cerebro/cerebro1/dataset/bmpd/derivatives/thibault_test/code/toolbox/bmpd_python/lib/python3.6/site-packages/nilearn/image/resampling.py:453: UserWarning: The provided image has no sform in its header. Please check the provided file. Results may not be as expected.
  warnings.warn("The provided image has no sform in its header. "
/cerebro/cerebro1/dataset/bmpd/derivatives/thibault_test/code/toolbox/bmpd_python/lib/python3.6/site-packages/scipy/stats/stats.py:2500: RuntimeWarning: invalid value encountered in true_divide
  return (a - mns) / sstd
/cerebro/cerebro1/dataset/bmpd/derivatives/thibault_test/code/toolbox/bmpd_python/lib/python3.6/site-packages/nilearn/image/resampling.py:453: UserWarning: The provided image has no sform in its header. Please check the provided file. Results may not be as expected.
  warnings.warn("The provided image has no sform in its header. "
/cerebro/cerebro1/dataset/bmpd/derivatives/thibault_test/code/toolbox/bmpd_python/lib/python3.6/site-packages/nilearn/image/resampling.py:453: UserWarning: The provided image has no sform in its header. Please check the provided file. Results may not be as expected.
  warnings.warn("The provided image has no sform in its header. "
/cerebro/cerebro1/dataset/bmpd/derivatives/thibault_test/code/toolbox/bmpd_python/lib/python3.6/site-packages/scipy/stats/stats.py:2500: RuntimeWarning: invalid value encountered in true_divide
  return (a - mns) / sstd
/cerebro/cerebro1/dataset/bmpd/derivatives/thibault_test/code/toolbox/bmpd_python/lib/python3.6/site-packages/nilearn/image/resampling.py:453: UserWarning: The provided image has no sform in its header. Please check the provided file. Results may not be as expected.
  warnings.warn("The provided image has no sform in its header. "
/cerebro/cerebro1/dataset/bmpd/derivatives/thibault_test/code/toolbox/bmpd_python/lib/python3.6/site-packages/nilearn/image/resampling.py:453: UserWarning: The provided image has no sform in its header. Please check the provided file. Results may not be as expected.
  warnings.warn("The provided image has no sform in its header. "
/cerebro/cerebro1/dataset/bmpd/derivatives/thibault_test/code/toolbox/bmpd_python/lib/python3.6/site-packages/nilearn/image/resampling.py:453: UserWarning: The provided image has no sform in its header. Please check the provided file. Results may not be as expected.
  warnings.warn("The provided image has no sform in its header. "
/cerebro/cerebro1/dataset/bmpd/derivatives/thibault_test/code/toolbox/bmpd_python/lib/python3.6/site-packages/scipy/stats/stats.py:2500: RuntimeWarning: invalid value encountered in true_divide
  return (a - mns) / sstd
/cerebro/cerebro1/dataset/bmpd/derivatives/thibault_test/code/toolbox/bmpd_python/lib/python3.6/site-packages/nilearn/image/resampling.py:453: UserWarning: The provided image has no sform in its header. Please check the provided file. Results may not be as expected.
  warnings.warn("The provided image has no sform in its header. "
/cerebro/cerebro1/dataset/bmpd/derivatives/thibault_test/code/toolbox/bmpd_python/lib/python3.6/site-packages/scipy/stats/stats.py:2500: RuntimeWarning: invalid value encountered in true_divide
  return (a - mns) / sstd
/cerebro/cerebro1/dataset/bmpd/derivatives/thibault_test/code/toolbox/bmpd_python/lib/python3.6/site-packages/nilearn/image/resampling.py:453: UserWarning: The provided image has no sform in its header. Please check the provided file. Results may not be as expected.
  warnings.warn("The provided image has no sform in its header. "
/cerebro/cerebro1/dataset/bmpd/derivatives/thibault_test/code/toolbox/bmpd_python/lib/python3.6/site-packages/scipy/stats/stats.py:2500: RuntimeWarning: invalid value encountered in true_divide
  return (a - mns) / sstd
data extracted: 100%|██████████| 1/1 [39:00<00:00, 2340.02s/it]data extracted: 100%|██████████| 1/1 [39:00<00:00, 2340.74s/it]C1C7_VL_gmwm
Outputs are organized as:
1: timeseries_target={'raw':[],'zscored':[],'mean':[],'zmean':[],'PC1':[]}
2: timeseries_seeds={'raw':[],'zscored':[],'mean':[],'zmean':[],'PC1':[]}

/cerebro/cerebro1/dataset/bmpd/derivatives/HealthyControls_project//seed_to_voxels/summer_2023//1_first_level/C1C7_VL_gmwm/MNI_GM_3mm_fc_maps/MI/mi_sub-A006.nii.gz
/cerebro/cerebro1/dataset/bmpd/derivatives/HealthyControls_project//seed_to_voxels/summer_2023//1_first_level/C1C7_VL_gmwm/MNI_GM_3mm_fc_maps/MI/mi_sub-A011.nii.gz
/cerebro/cerebro1/dataset/bmpd/derivatives/HealthyControls_project//seed_to_voxels/summer_2023//1_first_level/C1C7_VL_gmwm/MNI_GM_3mm_fc_maps/MI/mi_sub-A027.nii.gz
/cerebro/cerebro1/dataset/bmpd/derivatives/HealthyControls_project//seed_to_voxels/summer_2023//1_first_level/C1C7_VL_gmwm/MNI_GM_3mm_fc_maps/MI/mi_sub-A026.nii.gz
/cerebro/cerebro1/dataset/bmpd/derivatives/HealthyControls_project//seed_to_voxels/summer_2023//1_first_level/C1C7_VL_gmwm/MNI_GM_3mm_fc_maps/MI/mi_sub-A032.nii.gz
/cerebro/cerebro1/dataset/bmpd/derivatives/HealthyControls_project//seed_to_voxels/summer_2023//1_first_level/C1C7_VL_gmwm/MNI_GM_3mm_fc_maps/MI/mi_sub-A039.nii.gz
/cerebro/cerebro1/dataset/bmpd/derivatives/HealthyControls_project//seed_to_voxels/summer_2023//1_first_level/C1C7_VL_gmwm/MNI_GM_3mm_fc_maps/MI/mi_sub-A050.nii.gz
/cerebro/cerebro1/dataset/bmpd/derivatives/HealthyControls_project//seed_to_voxels/summer_2023//1_first_level/C1C7_VL_gmwm/MNI_GM_3mm_fc_maps/MI/mi_sub-A023.nii.gz
/cerebro/cerebro1/dataset/bmpd/derivatives/HealthyControls_project//seed_to_voxels/summer_2023//1_first_level/C1C7_VL_gmwm/MNI_GM_3mm_fc_maps/MI/mi_sub-A044.nii.gz
/cerebro/cerebro1/dataset/bmpd/derivatives/HealthyControls_project//seed_to_voxels/summer_2023//1_first_level/C1C7_VL_gmwm/MNI_GM_3mm_fc_maps/MI/mi_sub-A007.nii.gz
/cerebro/cerebro1/dataset/bmpd/derivatives/HealthyControls_project//seed_to_voxels/summer_2023//1_first_level/C1C7_VL_gmwm/MNI_GM_3mm_fc_maps/MI/mi_sub-A030.nii.gz
/cerebro/cerebro1/dataset/bmpd/derivatives/HealthyControls_project//seed_to_voxels/summer_2023//1_first_level/C1C7_VL_gmwm/MNI_GM_3mm_fc_maps/MI/mi_sub-A024.nii.gz
/cerebro/cerebro1/dataset/bmpd/derivatives/HealthyControls_project//seed_to_voxels/summer_2023//1_first_level/C1C7_VL_gmwm/MNI_GM_3mm_fc_maps/MI/mi_sub-A025.nii.gz
/cerebro/cerebro1/dataset/bmpd/derivatives/HealthyControls_project//seed_to_voxels/summer_2023//1_first_level/C1C7_VL_gmwm/MNI_GM_3mm_fc_maps/MI/mi_sub-A009.nii.gz
/cerebro/cerebro1/dataset/bmpd/derivatives/HealthyControls_project//seed_to_voxels/summer_2023//1_first_level/C1C7_VL_gmwm/MNI_GM_3mm_fc_maps/MI/mi_sub-P099.nii.gz
/cerebro/cerebro1/dataset/bmpd/derivatives/HealthyControls_project//seed_to_voxels/summer_2023//1_first_level/C1C7_VL_gmwm/MNI_GM_3mm_fc_maps/MI/mi_sub-P030.nii.gz
/cerebro/cerebro1/dataset/bmpd/derivatives/HealthyControls_project//seed_to_voxels/summer_2023//1_first_level/C1C7_VL_gmwm/MNI_GM_3mm_fc_maps/MI/mi_sub-A029.nii.gz
/cerebro/cerebro1/dataset/bmpd/derivatives/HealthyControls_project//seed_to_voxels/summer_2023//1_first_level/C1C7_VL_gmwm/MNI_GM_3mm_fc_maps/MI/mi_sub-A033.nii.gz
/cerebro/cerebro1/dataset/bmpd/derivatives/HealthyControls_project//seed_to_voxels/summer_2023//1_first_level/C1C7_VL_gmwm/MNI_GM_3mm_fc_maps/MI/mi_sub-A008.nii.gz
/cerebro/cerebro1/dataset/bmpd/derivatives/HealthyControls_project//seed_to_voxels/summer_2023//1_first_level/C1C7_VL_gmwm/MNI_GM_3mm_fc_maps/MI/mi_sub-A028.nii.gz
/cerebro/cerebro1/dataset/bmpd/derivatives/HealthyControls_project//seed_to_voxels/summer_2023//1_first_level/C1C7_VL_gmwm/MNI_GM_3mm_fc_maps/MI/mi_sub-A048.nii.gz
/cerebro/cerebro1/dataset/bmpd/derivatives/HealthyControls_project//seed_to_voxels/summer_2023//1_first_level/C1C7_VL_gmwm/MNI_GM_3mm_fc_maps/MI/mi_sub-A037.nii.gz
/cerebro/cerebro1/dataset/bmpd/derivatives/HealthyControls_project//seed_to_voxels/summer_2023//1_first_level/C1C7_VL_gmwm/MNI_GM_3mm_fc_maps/MI/mi_sub-A052.nii.gz
/cerebro/cerebro1/dataset/bmpd/derivatives/HealthyControls_project//seed_to_voxels/summer_2023//1_first_level/C1C7_VL_gmwm/MNI_GM_3mm_fc_maps/MI/mi_sub-A046.nii.gz
/cerebro/cerebro1/dataset/bmpd/derivatives/HealthyControls_project//seed_to_voxels/summer_2023//1_first_level/C1C7_VL_gmwm/MNI_GM_3mm_fc_maps/MI/mi_sub-A036.nii.gz
/cerebro/cerebro1/dataset/bmpd/derivatives/HealthyControls_project//seed_to_voxels/summer_2023//1_first_level/C1C7_VL_gmwm/MNI_GM_3mm_fc_maps/MI/mi_sub-A051.nii.gz
/cerebro/cerebro1/dataset/bmpd/derivatives/HealthyControls_project//seed_to_voxels/summer_2023//1_first_level/C1C7_VL_gmwm/MNI_GM_3mm_fc_maps/MI/mi_sub-A013.nii.gz
/cerebro/cerebro1/dataset/bmpd/derivatives/HealthyControls_project//seed_to_voxels/summer_2023//1_first_level/C1C7_VL_gmwm/MNI_GM_3mm_fc_maps/MI/mi_sub-A045.nii.gz
/cerebro/cerebro1/dataset/bmpd/derivatives/HealthyControls_project//seed_to_voxels/summer_2023//1_first_level/C1C7_VL_gmwm/MNI_GM_3mm_fc_maps/MI/mi_sub-A034.nii.gz
/cerebro/cerebro1/dataset/bmpd/derivatives/HealthyControls_project//seed_to_voxels/summer_2023//1_first_level/C1C7_VL_gmwm/MNI_GM_3mm_fc_maps/MI/mi_sub-A038.nii.gz
/cerebro/cerebro1/dataset/bmpd/derivatives/HealthyControls_project//seed_to_voxels/summer_2023//1_first_level/C1C7_VL_gmwm/MNI_GM_3mm_fc_maps/MI/mi_sub-A043.nii.gz
/cerebro/cerebro1/dataset/bmpd/derivatives/thibault_test/code/toolbox/bmpd_python/lib/python3.6/site-packages/nilearn/__init__.py:69: FutureWarning: Python 3.6 support is deprecated and will be removed in release 0.10 of Nilearn. Consider switching to Python 3.8 or 3.9.
  _python_deprecation_warnings()
/cerebro/cerebro1/dataset/bmpd/derivatives/thibault_test/code/toolbox/bmpd_python/lib/python3.6/site-packages/outdated/utils.py:18: OutdatedPackageWarning: The package outdated is out of date. Your version is 0.2.1, the latest is 0.2.2.
Set the environment variable OUTDATED_IGNORE=1 to disable these warnings.
  **kwargs
/cerebro/cerebro1/dataset/bmpd/derivatives/thibault_test/code/toolbox/bmpd_python/lib/python3.6/site-packages/outdated/utils.py:18: OutdatedPackageWarning: The package pingouin is out of date. Your version is 0.3.11, the latest is 0.5.3.
Set the environment variable OUTDATED_IGNORE=1 to disable these warnings.
  **kwargs
/cerebro/cerebro1/dataset/bmpd/derivatives/thibault_test/code/toolbox/bmpd_python/lib/python3.6/site-packages/nilearn/image/resampling.py:453: UserWarning: The provided image has no sform in its header. Please check the provided file. Results may not be as expected.
  warnings.warn("The provided image has no sform in its header. "
/cerebro/cerebro1/dataset/bmpd/derivatives/thibault_test/code/toolbox/bmpd_python/lib/python3.6/site-packages/scipy/stats/stats.py:2500: RuntimeWarning: invalid value encountered in true_divide
  return (a - mns) / sstd
/cerebro/cerebro1/dataset/bmpd/derivatives/thibault_test/code/toolbox/bmpd_python/lib/python3.6/site-packages/nilearn/__init__.py:69: FutureWarning: Python 3.6 support is deprecated and will be removed in release 0.10 of Nilearn. Consider switching to Python 3.8 or 3.9.
  _python_deprecation_warnings()
/cerebro/cerebro1/dataset/bmpd/derivatives/thibault_test/code/toolbox/bmpd_python/lib/python3.6/site-packages/outdated/utils.py:18: OutdatedPackageWarning: The package pingouin is out of date. Your version is 0.3.11, the latest is 0.5.3.
Set the environment variable OUTDATED_IGNORE=1 to disable these warnings.
  **kwargs
/cerebro/cerebro1/dataset/bmpd/derivatives/thibault_test/code/toolbox/bmpd_python/lib/python3.6/site-packages/outdated/utils.py:18: OutdatedPackageWarning: The package outdated is out of date. Your version is 0.2.1, the latest is 0.2.2.
Set the environment variable OUTDATED_IGNORE=1 to disable these warnings.
  **kwargs
/cerebro/cerebro1/dataset/bmpd/derivatives/thibault_test/code/toolbox/bmpd_python/lib/python3.6/site-packages/nilearn/__init__.py:69: FutureWarning: Python 3.6 support is deprecated and will be removed in release 0.10 of Nilearn. Consider switching to Python 3.8 or 3.9.
  _python_deprecation_warnings()
/cerebro/cerebro1/dataset/bmpd/derivatives/thibault_test/code/toolbox/bmpd_python/lib/python3.6/site-packages/outdated/utils.py:18: OutdatedPackageWarning: The package outdated is out of date. Your version is 0.2.1, the latest is 0.2.2.
Set the environment variable OUTDATED_IGNORE=1 to disable these warnings.
  **kwargs
/cerebro/cerebro1/dataset/bmpd/derivatives/thibault_test/code/toolbox/bmpd_python/lib/python3.6/site-packages/outdated/utils.py:18: OutdatedPackageWarning: The package pingouin is out of date. Your version is 0.3.11, the latest is 0.5.3.
Set the environment variable OUTDATED_IGNORE=1 to disable these warnings.
  **kwargs
/cerebro/cerebro1/dataset/bmpd/derivatives/thibault_test/code/toolbox/bmpd_python/lib/python3.6/site-packages/nilearn/__init__.py:69: FutureWarning: Python 3.6 support is deprecated and will be removed in release 0.10 of Nilearn. Consider switching to Python 3.8 or 3.9.
  _python_deprecation_warnings()
/cerebro/cerebro1/dataset/bmpd/derivatives/thibault_test/code/toolbox/bmpd_python/lib/python3.6/site-packages/outdated/utils.py:18: OutdatedPackageWarning: The package outdated is out of date. Your version is 0.2.1, the latest is 0.2.2.
Set the environment variable OUTDATED_IGNORE=1 to disable these warnings.
  **kwargs
/cerebro/cerebro1/dataset/bmpd/derivatives/thibault_test/code/toolbox/bmpd_python/lib/python3.6/site-packages/outdated/utils.py:18: OutdatedPackageWarning: The package pingouin is out of date. Your version is 0.3.11, the latest is 0.5.3.
Set the environment variable OUTDATED_IGNORE=1 to disable these warnings.
  **kwargs
/cerebro/cerebro1/dataset/bmpd/derivatives/thibault_test/code/toolbox/bmpd_python/lib/python3.6/site-packages/nilearn/__init__.py:69: FutureWarning: Python 3.6 support is deprecated and will be removed in release 0.10 of Nilearn. Consider switching to Python 3.8 or 3.9.
  _python_deprecation_warnings()
/cerebro/cerebro1/dataset/bmpd/derivatives/thibault_test/code/toolbox/bmpd_python/lib/python3.6/site-packages/outdated/utils.py:18: OutdatedPackageWarning: The package outdated is out of date. Your version is 0.2.1, the latest is 0.2.2.
Set the environment variable OUTDATED_IGNORE=1 to disable these warnings.
  **kwargs
/cerebro/cerebro1/dataset/bmpd/derivatives/thibault_test/code/toolbox/bmpd_python/lib/python3.6/site-packages/outdated/utils.py:18: OutdatedPackageWarning: The package pingouin is out of date. Your version is 0.3.11, the latest is 0.5.3.
Set the environment variable OUTDATED_IGNORE=1 to disable these warnings.
  **kwargs
/cerebro/cerebro1/dataset/bmpd/derivatives/thibault_test/code/toolbox/bmpd_python/lib/python3.6/site-packages/nilearn/image/resampling.py:453: UserWarning: The provided image has no sform in its header. Please check the provided file. Results may not be as expected.
  warnings.warn("The provided image has no sform in its header. "
/cerebro/cerebro1/dataset/bmpd/derivatives/thibault_test/code/toolbox/bmpd_python/lib/python3.6/site-packages/nilearn/__init__.py:69: FutureWarning: Python 3.6 support is deprecated and will be removed in release 0.10 of Nilearn. Consider switching to Python 3.8 or 3.9.
  _python_deprecation_warnings()
/cerebro/cerebro1/dataset/bmpd/derivatives/thibault_test/code/toolbox/bmpd_python/lib/python3.6/site-packages/outdated/utils.py:18: OutdatedPackageWarning: The package pingouin is out of date. Your version is 0.3.11, the latest is 0.5.3.
Set the environment variable OUTDATED_IGNORE=1 to disable these warnings.
  **kwargs
/cerebro/cerebro1/dataset/bmpd/derivatives/thibault_test/code/toolbox/bmpd_python/lib/python3.6/site-packages/outdated/utils.py:18: OutdatedPackageWarning: The package outdated is out of date. Your version is 0.2.1, the latest is 0.2.2.
Set the environment variable OUTDATED_IGNORE=1 to disable these warnings.
  **kwargs
/cerebro/cerebro1/dataset/bmpd/derivatives/thibault_test/code/toolbox/bmpd_python/lib/python3.6/site-packages/nilearn/image/resampling.py:453: UserWarning: The provided image has no sform in its header. Please check the provided file. Results may not be as expected.
  warnings.warn("The provided image has no sform in its header. "
/cerebro/cerebro1/dataset/bmpd/derivatives/thibault_test/code/toolbox/bmpd_python/lib/python3.6/site-packages/scipy/stats/stats.py:2500: RuntimeWarning: invalid value encountered in true_divide
  return (a - mns) / sstd
/cerebro/cerebro1/dataset/bmpd/derivatives/thibault_test/code/toolbox/bmpd_python/lib/python3.6/site-packages/nilearn/__init__.py:69: FutureWarning: Python 3.6 support is deprecated and will be removed in release 0.10 of Nilearn. Consider switching to Python 3.8 or 3.9.
  _python_deprecation_warnings()
/cerebro/cerebro1/dataset/bmpd/derivatives/thibault_test/code/toolbox/bmpd_python/lib/python3.6/site-packages/outdated/utils.py:18: OutdatedPackageWarning: The package outdated is out of date. Your version is 0.2.1, the latest is 0.2.2.
Set the environment variable OUTDATED_IGNORE=1 to disable these warnings.
  **kwargs
/cerebro/cerebro1/dataset/bmpd/derivatives/thibault_test/code/toolbox/bmpd_python/lib/python3.6/site-packages/outdated/utils.py:18: OutdatedPackageWarning: The package pingouin is out of date. Your version is 0.3.11, the latest is 0.5.3.
Set the environment variable OUTDATED_IGNORE=1 to disable these warnings.
  **kwargs
/cerebro/cerebro1/dataset/bmpd/derivatives/thibault_test/code/toolbox/bmpd_python/lib/python3.6/site-packages/nilearn/image/resampling.py:453: UserWarning: The provided image has no sform in its header. Please check the provided file. Results may not be as expected.
  warnings.warn("The provided image has no sform in its header. "
/cerebro/cerebro1/dataset/bmpd/derivatives/thibault_test/code/toolbox/bmpd_python/lib/python3.6/site-packages/nilearn/__init__.py:69: FutureWarning: Python 3.6 support is deprecated and will be removed in release 0.10 of Nilearn. Consider switching to Python 3.8 or 3.9.
  _python_deprecation_warnings()
/cerebro/cerebro1/dataset/bmpd/derivatives/thibault_test/code/toolbox/bmpd_python/lib/python3.6/site-packages/outdated/utils.py:18: OutdatedPackageWarning: The package pingouin is out of date. Your version is 0.3.11, the latest is 0.5.3.
Set the environment variable OUTDATED_IGNORE=1 to disable these warnings.
  **kwargs
/cerebro/cerebro1/dataset/bmpd/derivatives/thibault_test/code/toolbox/bmpd_python/lib/python3.6/site-packages/outdated/utils.py:18: OutdatedPackageWarning: The package outdated is out of date. Your version is 0.2.1, the latest is 0.2.2.
Set the environment variable OUTDATED_IGNORE=1 to disable these warnings.
  **kwargs
/cerebro/cerebro1/dataset/bmpd/derivatives/thibault_test/code/toolbox/bmpd_python/lib/python3.6/site-packages/nilearn/image/resampling.py:453: UserWarning: The provided image has no sform in its header. Please check the provided file. Results may not be as expected.
  warnings.warn("The provided image has no sform in its header. "
/cerebro/cerebro1/dataset/bmpd/derivatives/thibault_test/code/toolbox/bmpd_python/lib/python3.6/site-packages/scipy/stats/stats.py:2500: RuntimeWarning: invalid value encountered in true_divide
  return (a - mns) / sstd
Start the analysis on: 31 participants
targeted voxel's group mask: MNI_GM_3mm
/cerebro/cerebro1/dataset/bmpd/derivatives/HealthyControls_project//hc_project_analyses/mask/brain/MNI_GM_3mm.nii.gz
/cerebro/cerebro1/dataset/bmpd/derivatives/HealthyControls_project//hc_project_analyses/mask/spinalcord/full/gmwm/C1C7_D_gmwm.nii.gz
/cerebro/cerebro1/dataset/bmpd/derivatives/HealthyControls_project//hc_project_analyses/mask/spinalcord/full/gmwm/C1C7_V_gmwm.nii.gz
/cerebro/cerebro1/dataset/bmpd/derivatives/thibault_test/code/toolbox/bmpd_python/lib/python3.6/site-packages/nilearn/__init__.py:69: FutureWarning: Python 3.6 support is deprecated and will be removed in release 0.10 of Nilearn. Consider switching to Python 3.8 or 3.9.
  _python_deprecation_warnings()
/cerebro/cerebro1/dataset/bmpd/derivatives/thibault_test/code/toolbox/bmpd_python/lib/python3.6/site-packages/outdated/utils.py:18: OutdatedPackageWarning: The package outdated is out of date. Your version is 0.2.1, the latest is 0.2.2.
Set the environment variable OUTDATED_IGNORE=1 to disable these warnings.
  **kwargs
/cerebro/cerebro1/dataset/bmpd/derivatives/thibault_test/code/toolbox/bmpd_python/lib/python3.6/site-packages/outdated/utils.py:18: OutdatedPackageWarning: The package pingouin is out of date. Your version is 0.3.11, the latest is 0.5.3.
Set the environment variable OUTDATED_IGNORE=1 to disable these warnings.
  **kwargs
data extracted:   0%|          | 0/2 [00:00<?, ?it/s]/cerebro/cerebro1/dataset/bmpd/derivatives/thibault_test/code/toolbox/bmpd_python/lib/python3.6/site-packages/nilearn/__init__.py:69: FutureWarning: Python 3.6 support is deprecated and will be removed in release 0.10 of Nilearn. Consider switching to Python 3.8 or 3.9.
  _python_deprecation_warnings()
/cerebro/cerebro1/dataset/bmpd/derivatives/thibault_test/code/toolbox/bmpd_python/lib/python3.6/site-packages/outdated/utils.py:18: OutdatedPackageWarning: The package pingouin is out of date. Your version is 0.3.11, the latest is 0.5.3.
Set the environment variable OUTDATED_IGNORE=1 to disable these warnings.
  **kwargs
/cerebro/cerebro1/dataset/bmpd/derivatives/thibault_test/code/toolbox/bmpd_python/lib/python3.6/site-packages/outdated/utils.py:18: OutdatedPackageWarning: The package outdated is out of date. Your version is 0.2.1, the latest is 0.2.2.
Set the environment variable OUTDATED_IGNORE=1 to disable these warnings.
  **kwargs
/cerebro/cerebro1/dataset/bmpd/derivatives/thibault_test/code/toolbox/bmpd_python/lib/python3.6/site-packages/nilearn/image/resampling.py:453: UserWarning: The provided image has no sform in its header. Please check the provided file. Results may not be as expected.
  warnings.warn("The provided image has no sform in its header. "
/cerebro/cerebro1/dataset/bmpd/derivatives/thibault_test/code/toolbox/bmpd_python/lib/python3.6/site-packages/scipy/stats/stats.py:2500: RuntimeWarning: invalid value encountered in true_divide
  return (a - mns) / sstd
/cerebro/cerebro1/dataset/bmpd/derivatives/thibault_test/code/toolbox/bmpd_python/lib/python3.6/site-packages/nilearn/image/resampling.py:453: UserWarning: The provided image has no sform in its header. Please check the provided file. Results may not be as expected.
  warnings.warn("The provided image has no sform in its header. "
/cerebro/cerebro1/dataset/bmpd/derivatives/thibault_test/code/toolbox/bmpd_python/lib/python3.6/site-packages/scipy/stats/stats.py:2500: RuntimeWarning: invalid value encountered in true_divide
  return (a - mns) / sstd
/cerebro/cerebro1/dataset/bmpd/derivatives/thibault_test/code/toolbox/bmpd_python/lib/python3.6/site-packages/nilearn/image/resampling.py:453: UserWarning: The provided image has no sform in its header. Please check the provided file. Results may not be as expected.
  warnings.warn("The provided image has no sform in its header. "
/cerebro/cerebro1/dataset/bmpd/derivatives/thibault_test/code/toolbox/bmpd_python/lib/python3.6/site-packages/scipy/stats/stats.py:2500: RuntimeWarning: invalid value encountered in true_divide
  return (a - mns) / sstd
/cerebro/cerebro1/dataset/bmpd/derivatives/thibault_test/code/toolbox/bmpd_python/lib/python3.6/site-packages/nilearn/image/resampling.py:453: UserWarning: The provided image has no sform in its header. Please check the provided file. Results may not be as expected.
  warnings.warn("The provided image has no sform in its header. "
/cerebro/cerebro1/dataset/bmpd/derivatives/thibault_test/code/toolbox/bmpd_python/lib/python3.6/site-packages/nilearn/image/resampling.py:453: UserWarning: The provided image has no sform in its header. Please check the provided file. Results may not be as expected.
  warnings.warn("The provided image has no sform in its header. "
/cerebro/cerebro1/dataset/bmpd/derivatives/thibault_test/code/toolbox/bmpd_python/lib/python3.6/site-packages/scipy/stats/stats.py:2500: RuntimeWarning: invalid value encountered in true_divide
  return (a - mns) / sstd
/cerebro/cerebro1/dataset/bmpd/derivatives/thibault_test/code/toolbox/bmpd_python/lib/python3.6/site-packages/nilearn/image/resampling.py:453: UserWarning: The provided image has no sform in its header. Please check the provided file. Results may not be as expected.
  warnings.warn("The provided image has no sform in its header. "
/cerebro/cerebro1/dataset/bmpd/derivatives/thibault_test/code/toolbox/bmpd_python/lib/python3.6/site-packages/scipy/stats/stats.py:2500: RuntimeWarning: invalid value encountered in true_divide
  return (a - mns) / sstd
/cerebro/cerebro1/dataset/bmpd/derivatives/thibault_test/code/toolbox/bmpd_python/lib/python3.6/site-packages/nilearn/__init__.py:69: FutureWarning: Python 3.6 support is deprecated and will be removed in release 0.10 of Nilearn. Consider switching to Python 3.8 or 3.9.
  _python_deprecation_warnings()
/cerebro/cerebro1/dataset/bmpd/derivatives/thibault_test/code/toolbox/bmpd_python/lib/python3.6/site-packages/outdated/utils.py:18: OutdatedPackageWarning: The package outdated is out of date. Your version is 0.2.1, the latest is 0.2.2.
Set the environment variable OUTDATED_IGNORE=1 to disable these warnings.
  **kwargs
/cerebro/cerebro1/dataset/bmpd/derivatives/thibault_test/code/toolbox/bmpd_python/lib/python3.6/site-packages/outdated/utils.py:18: OutdatedPackageWarning: The package pingouin is out of date. Your version is 0.3.11, the latest is 0.5.3.
Set the environment variable OUTDATED_IGNORE=1 to disable these warnings.
  **kwargs
/cerebro/cerebro1/dataset/bmpd/derivatives/thibault_test/code/toolbox/bmpd_python/lib/python3.6/site-packages/nilearn/image/resampling.py:453: UserWarning: The provided image has no sform in its header. Please check the provided file. Results may not be as expected.
  warnings.warn("The provided image has no sform in its header. "
/cerebro/cerebro1/dataset/bmpd/derivatives/thibault_test/code/toolbox/bmpd_python/lib/python3.6/site-packages/scipy/stats/stats.py:2500: RuntimeWarning: invalid value encountered in true_divide
  return (a - mns) / sstd
/cerebro/cerebro1/dataset/bmpd/derivatives/thibault_test/code/toolbox/bmpd_python/lib/python3.6/site-packages/nilearn/image/resampling.py:453: UserWarning: The provided image has no sform in its header. Please check the provided file. Results may not be as expected.
  warnings.warn("The provided image has no sform in its header. "
/cerebro/cerebro1/dataset/bmpd/derivatives/thibault_test/code/toolbox/bmpd_python/lib/python3.6/site-packages/scipy/stats/stats.py:2500: RuntimeWarning: invalid value encountered in true_divide
  return (a - mns) / sstd
/cerebro/cerebro1/dataset/bmpd/derivatives/thibault_test/code/toolbox/bmpd_python/lib/python3.6/site-packages/nilearn/image/resampling.py:453: UserWarning: The provided image has no sform in its header. Please check the provided file. Results may not be as expected.
  warnings.warn("The provided image has no sform in its header. "
/cerebro/cerebro1/dataset/bmpd/derivatives/thibault_test/code/toolbox/bmpd_python/lib/python3.6/site-packages/nilearn/image/resampling.py:453: UserWarning: The provided image has no sform in its header. Please check the provided file. Results may not be as expected.
  warnings.warn("The provided image has no sform in its header. "
/cerebro/cerebro1/dataset/bmpd/derivatives/thibault_test/code/toolbox/bmpd_python/lib/python3.6/site-packages/nilearn/image/resampling.py:453: UserWarning: The provided image has no sform in its header. Please check the provided file. Results may not be as expected.
  warnings.warn("The provided image has no sform in its header. "
/cerebro/cerebro1/dataset/bmpd/derivatives/thibault_test/code/toolbox/bmpd_python/lib/python3.6/site-packages/scipy/stats/stats.py:2500: RuntimeWarning: invalid value encountered in true_divide
  return (a - mns) / sstd
/cerebro/cerebro1/dataset/bmpd/derivatives/thibault_test/code/toolbox/bmpd_python/lib/python3.6/site-packages/nilearn/image/resampling.py:453: UserWarning: The provided image has no sform in its header. Please check the provided file. Results may not be as expected.
  warnings.warn("The provided image has no sform in its header. "
/cerebro/cerebro1/dataset/bmpd/derivatives/thibault_test/code/toolbox/bmpd_python/lib/python3.6/site-packages/nilearn/image/resampling.py:453: UserWarning: The provided image has no sform in its header. Please check the provided file. Results may not be as expected.
  warnings.warn("The provided image has no sform in its header. "
/cerebro/cerebro1/dataset/bmpd/derivatives/thibault_test/code/toolbox/bmpd_python/lib/python3.6/site-packages/nilearn/__init__.py:69: FutureWarning: Python 3.6 support is deprecated and will be removed in release 0.10 of Nilearn. Consider switching to Python 3.8 or 3.9.
  _python_deprecation_warnings()
/cerebro/cerebro1/dataset/bmpd/derivatives/thibault_test/code/toolbox/bmpd_python/lib/python3.6/site-packages/outdated/utils.py:18: OutdatedPackageWarning: The package outdated is out of date. Your version is 0.2.1, the latest is 0.2.2.
Set the environment variable OUTDATED_IGNORE=1 to disable these warnings.
  **kwargs
/cerebro/cerebro1/dataset/bmpd/derivatives/thibault_test/code/toolbox/bmpd_python/lib/python3.6/site-packages/outdated/utils.py:18: OutdatedPackageWarning: The package pingouin is out of date. Your version is 0.3.11, the latest is 0.5.3.
Set the environment variable OUTDATED_IGNORE=1 to disable these warnings.
  **kwargs
/cerebro/cerebro1/dataset/bmpd/derivatives/thibault_test/code/toolbox/bmpd_python/lib/python3.6/site-packages/nilearn/image/resampling.py:453: UserWarning: The provided image has no sform in its header. Please check the provided file. Results may not be as expected.
  warnings.warn("The provided image has no sform in its header. "
/cerebro/cerebro1/dataset/bmpd/derivatives/thibault_test/code/toolbox/bmpd_python/lib/python3.6/site-packages/nilearn/image/resampling.py:453: UserWarning: The provided image has no sform in its header. Please check the provided file. Results may not be as expected.
  warnings.warn("The provided image has no sform in its header. "
/cerebro/cerebro1/dataset/bmpd/derivatives/thibault_test/code/toolbox/bmpd_python/lib/python3.6/site-packages/nilearn/image/resampling.py:453: UserWarning: The provided image has no sform in its header. Please check the provided file. Results may not be as expected.
  warnings.warn("The provided image has no sform in its header. "
/cerebro/cerebro1/dataset/bmpd/derivatives/thibault_test/code/toolbox/bmpd_python/lib/python3.6/site-packages/nilearn/image/resampling.py:453: UserWarning: The provided image has no sform in its header. Please check the provided file. Results may not be as expected.
  warnings.warn("The provided image has no sform in its header. "
/cerebro/cerebro1/dataset/bmpd/derivatives/thibault_test/code/toolbox/bmpd_python/lib/python3.6/site-packages/nilearn/image/resampling.py:453: UserWarning: The provided image has no sform in its header. Please check the provided file. Results may not be as expected.
  warnings.warn("The provided image has no sform in its header. "
/cerebro/cerebro1/dataset/bmpd/derivatives/thibault_test/code/toolbox/bmpd_python/lib/python3.6/site-packages/nilearn/image/resampling.py:453: UserWarning: The provided image has no sform in its header. Please check the provided file. Results may not be as expected.
  warnings.warn("The provided image has no sform in its header. "
/cerebro/cerebro1/dataset/bmpd/derivatives/thibault_test/code/toolbox/bmpd_python/lib/python3.6/site-packages/scipy/stats/stats.py:2500: RuntimeWarning: invalid value encountered in true_divide
  return (a - mns) / sstd
/cerebro/cerebro1/dataset/bmpd/derivatives/thibault_test/code/toolbox/bmpd_python/lib/python3.6/site-packages/nilearn/image/resampling.py:453: UserWarning: The provided image has no sform in its header. Please check the provided file. Results may not be as expected.
  warnings.warn("The provided image has no sform in its header. "
/cerebro/cerebro1/dataset/bmpd/derivatives/thibault_test/code/toolbox/bmpd_python/lib/python3.6/site-packages/scipy/stats/stats.py:2500: RuntimeWarning: invalid value encountered in true_divide
  return (a - mns) / sstd
/cerebro/cerebro1/dataset/bmpd/derivatives/thibault_test/code/toolbox/bmpd_python/lib/python3.6/site-packages/nilearn/__init__.py:69: FutureWarning: Python 3.6 support is deprecated and will be removed in release 0.10 of Nilearn. Consider switching to Python 3.8 or 3.9.
  _python_deprecation_warnings()
/cerebro/cerebro1/dataset/bmpd/derivatives/thibault_test/code/toolbox/bmpd_python/lib/python3.6/site-packages/outdated/utils.py:18: OutdatedPackageWarning: The package pingouin is out of date. Your version is 0.3.11, the latest is 0.5.3.
Set the environment variable OUTDATED_IGNORE=1 to disable these warnings.
  **kwargs
/cerebro/cerebro1/dataset/bmpd/derivatives/thibault_test/code/toolbox/bmpd_python/lib/python3.6/site-packages/outdated/utils.py:18: OutdatedPackageWarning: The package outdated is out of date. Your version is 0.2.1, the latest is 0.2.2.
Set the environment variable OUTDATED_IGNORE=1 to disable these warnings.
  **kwargs
/cerebro/cerebro1/dataset/bmpd/derivatives/thibault_test/code/toolbox/bmpd_python/lib/python3.6/site-packages/nilearn/image/resampling.py:453: UserWarning: The provided image has no sform in its header. Please check the provided file. Results may not be as expected.
  warnings.warn("The provided image has no sform in its header. "
/cerebro/cerebro1/dataset/bmpd/derivatives/thibault_test/code/toolbox/bmpd_python/lib/python3.6/site-packages/nilearn/image/resampling.py:453: UserWarning: The provided image has no sform in its header. Please check the provided file. Results may not be as expected.
  warnings.warn("The provided image has no sform in its header. "
/cerebro/cerebro1/dataset/bmpd/derivatives/thibault_test/code/toolbox/bmpd_python/lib/python3.6/site-packages/scipy/stats/stats.py:2500: RuntimeWarning: invalid value encountered in true_divide
  return (a - mns) / sstd
/cerebro/cerebro1/dataset/bmpd/derivatives/thibault_test/code/toolbox/bmpd_python/lib/python3.6/site-packages/nilearn/image/resampling.py:453: UserWarning: The provided image has no sform in its header. Please check the provided file. Results may not be as expected.
  warnings.warn("The provided image has no sform in its header. "
/cerebro/cerebro1/dataset/bmpd/derivatives/thibault_test/code/toolbox/bmpd_python/lib/python3.6/site-packages/nilearn/image/resampling.py:453: UserWarning: The provided image has no sform in its header. Please check the provided file. Results may not be as expected.
  warnings.warn("The provided image has no sform in its header. "
/cerebro/cerebro1/dataset/bmpd/derivatives/thibault_test/code/toolbox/bmpd_python/lib/python3.6/site-packages/scipy/stats/stats.py:2500: RuntimeWarning: invalid value encountered in true_divide
  return (a - mns) / sstd
/cerebro/cerebro1/dataset/bmpd/derivatives/thibault_test/code/toolbox/bmpd_python/lib/python3.6/site-packages/nilearn/image/resampling.py:453: UserWarning: The provided image has no sform in its header. Please check the provided file. Results may not be as expected.
  warnings.warn("The provided image has no sform in its header. "
/cerebro/cerebro1/dataset/bmpd/derivatives/thibault_test/code/toolbox/bmpd_python/lib/python3.6/site-packages/nilearn/image/resampling.py:453: UserWarning: The provided image has no sform in its header. Please check the provided file. Results may not be as expected.
  warnings.warn("The provided image has no sform in its header. "
/cerebro/cerebro1/dataset/bmpd/derivatives/thibault_test/code/toolbox/bmpd_python/lib/python3.6/site-packages/nilearn/image/resampling.py:453: UserWarning: The provided image has no sform in its header. Please check the provided file. Results may not be as expected.
  warnings.warn("The provided image has no sform in its header. "
/cerebro/cerebro1/dataset/bmpd/derivatives/thibault_test/code/toolbox/bmpd_python/lib/python3.6/site-packages/scipy/stats/stats.py:2500: RuntimeWarning: invalid value encountered in true_divide
  return (a - mns) / sstd
/cerebro/cerebro1/dataset/bmpd/derivatives/thibault_test/code/toolbox/bmpd_python/lib/python3.6/site-packages/nilearn/__init__.py:69: FutureWarning: Python 3.6 support is deprecated and will be removed in release 0.10 of Nilearn. Consider switching to Python 3.8 or 3.9.
  _python_deprecation_warnings()
/cerebro/cerebro1/dataset/bmpd/derivatives/thibault_test/code/toolbox/bmpd_python/lib/python3.6/site-packages/outdated/utils.py:18: OutdatedPackageWarning: The package outdated is out of date. Your version is 0.2.1, the latest is 0.2.2.
Set the environment variable OUTDATED_IGNORE=1 to disable these warnings.
  **kwargs
/cerebro/cerebro1/dataset/bmpd/derivatives/thibault_test/code/toolbox/bmpd_python/lib/python3.6/site-packages/outdated/utils.py:18: OutdatedPackageWarning: The package pingouin is out of date. Your version is 0.3.11, the latest is 0.5.3.
Set the environment variable OUTDATED_IGNORE=1 to disable these warnings.
  **kwargs
/cerebro/cerebro1/dataset/bmpd/derivatives/thibault_test/code/toolbox/bmpd_python/lib/python3.6/site-packages/nilearn/image/resampling.py:453: UserWarning: The provided image has no sform in its header. Please check the provided file. Results may not be as expected.
  warnings.warn("The provided image has no sform in its header. "
/cerebro/cerebro1/dataset/bmpd/derivatives/thibault_test/code/toolbox/bmpd_python/lib/python3.6/site-packages/nilearn/__init__.py:69: FutureWarning: Python 3.6 support is deprecated and will be removed in release 0.10 of Nilearn. Consider switching to Python 3.8 or 3.9.
  _python_deprecation_warnings()
/cerebro/cerebro1/dataset/bmpd/derivatives/thibault_test/code/toolbox/bmpd_python/lib/python3.6/site-packages/outdated/utils.py:18: OutdatedPackageWarning: The package outdated is out of date. Your version is 0.2.1, the latest is 0.2.2.
Set the environment variable OUTDATED_IGNORE=1 to disable these warnings.
  **kwargs
/cerebro/cerebro1/dataset/bmpd/derivatives/thibault_test/code/toolbox/bmpd_python/lib/python3.6/site-packages/outdated/utils.py:18: OutdatedPackageWarning: The package pingouin is out of date. Your version is 0.3.11, the latest is 0.5.3.
Set the environment variable OUTDATED_IGNORE=1 to disable these warnings.
  **kwargs
/cerebro/cerebro1/dataset/bmpd/derivatives/thibault_test/code/toolbox/bmpd_python/lib/python3.6/site-packages/nilearn/image/resampling.py:453: UserWarning: The provided image has no sform in its header. Please check the provided file. Results may not be as expected.
  warnings.warn("The provided image has no sform in its header. "
/cerebro/cerebro1/dataset/bmpd/derivatives/thibault_test/code/toolbox/bmpd_python/lib/python3.6/site-packages/scipy/stats/stats.py:2500: RuntimeWarning: invalid value encountered in true_divide
  return (a - mns) / sstd
data extracted:  50%|█████     | 1/2 [26:44<26:44, 1604.23s/it]C1C7_D_gmwm
C1C7_V_gmwm
