4
Analyse will be run on spinalcord structure
Mask: /cerebro/cerebro1/dataset/bmpd/derivatives/HealthyControls_project//templates/PAM50/template/PAM50_cord_C1toC8.nii.gz
/cerebro/cerebro1/dataset/bmpd/derivatives/thibault_test/code/toolbox/bmpd_python/lib/python3.6/site-packages/nilearn/__init__.py:69: FutureWarning: Python 3.6 support is deprecated and will be removed in release 0.10 of Nilearn. Consider switching to Python 3.8 or 3.9.
  _python_deprecation_warnings()
- 4D image create for sbj  P028
- 4D image create for sbj  P030
- 4D image create for sbj  P033
- 4D image create for sbj  P043
- 4D image create for sbj  P047
- 4D image create for sbj  P050
- 4D image create for sbj  P057
- 4D image create for sbj  P099
- 4D image create for sbj  P100
- 4D image create for sbj  P105
- 4D image create for sbj  P108
- 4D image create for sbj  P109
- 4D image create for sbj  A003
- 4D image create for sbj  A004
- 4D image create for sbj  A005
- 4D image create for sbj  A006
- 4D image create for sbj  A007
- 4D image create for sbj  A008
- 4D image create for sbj  A009
- 4D image create for sbj  A011
- 4D image create for sbj  A013
>> Individual PCA done <<
>> Group ICA done <<
>> Components z-scored done <<
5
Analyse will be run on spinalcord structure
Mask: /cerebro/cerebro1/dataset/bmpd/derivatives/HealthyControls_project//templates/PAM50/template/PAM50_cord_C1toC8.nii.gz
>> data extraction done <<
>> data extraction done <<
>> data extraction done <<
>> data extraction done <<
>> data extraction done <<
>> data extraction done <<
>> data extraction done <<
/cerebro/cerebro1/dataset/bmpd/derivatives/thibault_test/code/toolbox/bmpd_python/lib/python3.6/site-packages/nilearn/__init__.py:69: FutureWarning: Python 3.6 support is deprecated and will be removed in release 0.10 of Nilearn. Consider switching to Python 3.8 or 3.9.
  _python_deprecation_warnings()
>> data extraction done <<
>> data extraction done <<
>> data extraction done <<
/cerebro/cerebro1/dataset/bmpd/derivatives/thibault_test/code/toolbox/bmpd_python/lib/python3.6/site-packages/nilearn/__init__.py:69: FutureWarning: Python 3.6 support is deprecated and will be removed in release 0.10 of Nilearn. Consider switching to Python 3.8 or 3.9.
  _python_deprecation_warnings()
/cerebro/cerebro1/dataset/bmpd/derivatives/thibault_test/code/toolbox/bmpd_python/lib/python3.6/site-packages/nilearn/__init__.py:69: FutureWarning: Python 3.6 support is deprecated and will be removed in release 0.10 of Nilearn. Consider switching to Python 3.8 or 3.9.
  _python_deprecation_warnings()
>> data extraction done <<
>> data extraction done <<
/cerebro/cerebro1/dataset/bmpd/derivatives/thibault_test/code/toolbox/bmpd_python/lib/python3.6/site-packages/nilearn/__init__.py:69: FutureWarning: Python 3.6 support is deprecated and will be removed in release 0.10 of Nilearn. Consider switching to Python 3.8 or 3.9.
  _python_deprecation_warnings()
>> data extraction done <<
>> data extraction done <<
>> data extraction done <<
>> data extraction done <<
>> data extraction done <<
>> data extraction done <<
/cerebro/cerebro1/dataset/bmpd/derivatives/thibault_test/code/toolbox/bmpd_python/lib/python3.6/site-packages/nilearn/__init__.py:69: FutureWarning: Python 3.6 support is deprecated and will be removed in release 0.10 of Nilearn. Consider switching to Python 3.8 or 3.9.
  _python_deprecation_warnings()
/cerebro/cerebro1/dataset/bmpd/derivatives/thibault_test/code/toolbox/bmpd_python/lib/python3.6/site-packages/nilearn/__init__.py:69: FutureWarning: Python 3.6 support is deprecated and will be removed in release 0.10 of Nilearn. Consider switching to Python 3.8 or 3.9.
  _python_deprecation_warnings()
>> data extraction done <<
>> data extraction done <<
>> data extraction done <<
/cerebro/cerebro1/dataset/bmpd/derivatives/thibault_test/code/toolbox/bmpd_python/lib/python3.6/site-packages/nilearn/__init__.py:69: FutureWarning: Python 3.6 support is deprecated and will be removed in release 0.10 of Nilearn. Consider switching to Python 3.8 or 3.9.
  _python_deprecation_warnings()
/cerebro/cerebro1/dataset/bmpd/derivatives/thibault_test/code/toolbox/bmpd_python/lib/python3.6/site-packages/nilearn/__init__.py:69: FutureWarning: Python 3.6 support is deprecated and will be removed in release 0.10 of Nilearn. Consider switching to Python 3.8 or 3.9.
  _python_deprecation_warnings()
Traceback (most recent call last):
  File "/cerebro/cerebro1/dataset/bmpd/derivatives/HealthyControls_project/hc_project_analyses/notebook/ICA_analysis.py", line 58, in <module>
    reducedata_all=icas.indiv_PCA(all_data,save_indiv_img=True)
  File "/cerebro/cerebro1/dataset/bmpd/derivatives/HealthyControls_project/hc_project_analyses/code/canICA_analyses.py", line 199, in indiv_PCA
    components_img = self.nifti_masker[structure].inverse_transform(reducedata_all[j-n_comp_pca:j]) # transform the components in nifti
AttributeError: 'ICA' object has no attribute 'nifti_masker'
