Start the analysis on: 31 participants
targeted voxel's group mask: MNI_GM_2mm
/cerebro/cerebro1/dataset/bmpd/derivatives/HealthyControls_project//hc_project_analyses/masks/brain/MNI_GM_2mm.nii.gz
/cerebro/cerebro1/dataset/bmpd/derivatives/HealthyControls_project//hc_project_analyses/masks/spinalcord/levels/icaps/gm/icap_C1_V_gm.nii.gz
/cerebro/cerebro1/dataset/bmpd/derivatives/HealthyControls_project//hc_project_analyses/masks/spinalcord/levels/icaps/gm/icap_C2_V_gm.nii.gz
/cerebro/cerebro1/dataset/bmpd/derivatives/HealthyControls_project//hc_project_analyses/masks/spinalcord/levels/icaps/gm/icap_C3_V_gm.nii.gz
/cerebro/cerebro1/dataset/bmpd/derivatives/HealthyControls_project//hc_project_analyses/masks/spinalcord/levels/icaps/gm/icap_C4_V_gm.nii.gz
/cerebro/cerebro1/dataset/bmpd/derivatives/HealthyControls_project//hc_project_analyses/masks/spinalcord/levels/icaps/gm/icap_C5_V_gm.nii.gz
/cerebro/cerebro1/dataset/bmpd/derivatives/HealthyControls_project//hc_project_analyses/masks/spinalcord/levels/icaps/gm/icap_C6_V_gm.nii.gz
/cerebro/cerebro1/dataset/bmpd/derivatives/HealthyControls_project//hc_project_analyses/masks/spinalcord/levels/icaps/gm/icap_C7_V_gm.nii.gz
/cerebro/cerebro1/dataset/bmpd/derivatives/HealthyControls_project//hc_project_analyses/masks/spinalcord/levels/icaps/gm/icap_C1_D_gm.nii.gz
/cerebro/cerebro1/dataset/bmpd/derivatives/HealthyControls_project//hc_project_analyses/masks/spinalcord/levels/icaps/gm/icap_C2_D_gm.nii.gz
/cerebro/cerebro1/dataset/bmpd/derivatives/HealthyControls_project//hc_project_analyses/masks/spinalcord/levels/icaps/gm/icap_C3_D_gm.nii.gz
/cerebro/cerebro1/dataset/bmpd/derivatives/HealthyControls_project//hc_project_analyses/masks/spinalcord/levels/icaps/gm/icap_C4_D_gm.nii.gz
/cerebro/cerebro1/dataset/bmpd/derivatives/HealthyControls_project//hc_project_analyses/masks/spinalcord/levels/icaps/gm/icap_C5_D_gm.nii.gz
/cerebro/cerebro1/dataset/bmpd/derivatives/HealthyControls_project//hc_project_analyses/masks/spinalcord/levels/icaps/gm/icap_C6_D_gm.nii.gz
/cerebro/cerebro1/dataset/bmpd/derivatives/HealthyControls_project//hc_project_analyses/masks/spinalcord/levels/icaps/gm/icap_C7_D_gm.nii.gz
/cerebro/cerebro1/dataset/bmpd/derivatives/HealthyControls_project/func_preparation/3_func_smoothed/sub-P030/brain/*moco_brsc_BP*_inTemplate2mm_s.nii.gz*
/cerebro/cerebro1/dataset/bmpd/derivatives/HealthyControls_project/func_preparation/3_func_smoothed/sub-P099/brain/*moco_brsc_BP*_inTemplate2mm_s.nii.gz*
/cerebro/cerebro1/dataset/bmpd/derivatives/HealthyControls_project/func_preparation/3_func_smoothed/sub-A006/brain/*moco_brsc_BP*_inTemplate2mm_s.nii.gz*
/cerebro/cerebro1/dataset/bmpd/derivatives/HealthyControls_project/func_preparation/3_func_smoothed/sub-A007/brain/*moco_brsc_BP*_inTemplate2mm_s.nii.gz*
/cerebro/cerebro1/dataset/bmpd/derivatives/HealthyControls_project/func_preparation/3_func_smoothed/sub-A008/brain/*moco_brsc_BP*_inTemplate2mm_s.nii.gz*
/cerebro/cerebro1/dataset/bmpd/derivatives/HealthyControls_project/func_preparation/3_func_smoothed/sub-A009/brain/*moco_brsc_BP*_inTemplate2mm_s.nii.gz*
/cerebro/cerebro1/dataset/bmpd/derivatives/HealthyControls_project/func_preparation/3_func_smoothed/sub-A011/brain/*moco_brsc_BP*_inTemplate2mm_s.nii.gz*
/cerebro/cerebro1/dataset/bmpd/derivatives/HealthyControls_project/func_preparation/3_func_smoothed/sub-A013/brain/*moco_brsc_BP*_inTemplate2mm_s.nii.gz*
/cerebro/cerebro1/dataset/bmpd/derivatives/HealthyControls_project/func_preparation/3_func_smoothed/sub-A023/brain/*moco_brsc_BP*_inTemplate2mm_s.nii.gz*
/cerebro/cerebro1/dataset/bmpd/derivatives/HealthyControls_project/func_preparation/3_func_smoothed/sub-A024/brain/*moco_brsc_BP*_inTemplate2mm_s.nii.gz*
/cerebro/cerebro1/dataset/bmpd/derivatives/HealthyControls_project/func_preparation/3_func_smoothed/sub-A025/brain/*moco_brsc_BP*_inTemplate2mm_s.nii.gz*
/cerebro/cerebro1/dataset/bmpd/derivatives/HealthyControls_project/func_preparation/3_func_smoothed/sub-A026/brain/*moco_brsc_BP*_inTemplate2mm_s.nii.gz*
/cerebro/cerebro1/dataset/bmpd/derivatives/HealthyControls_project/func_preparation/3_func_smoothed/sub-A027/brain/*moco_brsc_BP*_inTemplate2mm_s.nii.gz*
/cerebro/cerebro1/dataset/bmpd/derivatives/HealthyControls_project/func_preparation/3_func_smoothed/sub-A028/brain/*moco_brsc_BP*_inTemplate2mm_s.nii.gz*
/cerebro/cerebro1/dataset/bmpd/derivatives/HealthyControls_project/func_preparation/3_func_smoothed/sub-A029/brain/*moco_brsc_BP*_inTemplate2mm_s.nii.gz*
/cerebro/cerebro1/dataset/bmpd/derivatives/HealthyControls_project/func_preparation/3_func_smoothed/sub-A030/brain/*moco_brsc_BP*_inTemplate2mm_s.nii.gz*
/cerebro/cerebro1/dataset/bmpd/derivatives/HealthyControls_project/func_preparation/3_func_smoothed/sub-A032/brain/*moco_brsc_BP*_inTemplate2mm_s.nii.gz*
/cerebro/cerebro1/dataset/bmpd/derivatives/HealthyControls_project/func_preparation/3_func_smoothed/sub-A033/brain/*moco_brsc_BP*_inTemplate2mm_s.nii.gz*
/cerebro/cerebro1/dataset/bmpd/derivatives/HealthyControls_project/func_preparation/3_func_smoothed/sub-A034/brain/*moco_brsc_BP*_inTemplate2mm_s.nii.gz*
/cerebro/cerebro1/dataset/bmpd/derivatives/HealthyControls_project/func_preparation/3_func_smoothed/sub-A036/brain/*moco_brsc_BP*_inTemplate2mm_s.nii.gz*
/cerebro/cerebro1/dataset/bmpd/derivatives/HealthyControls_project/func_preparation/3_func_smoothed/sub-A037/brain/*moco_brsc_BP*_inTemplate2mm_s.nii.gz*
/cerebro/cerebro1/dataset/bmpd/derivatives/HealthyControls_project/func_preparation/3_func_smoothed/sub-A038/brain/*moco_brsc_BP*_inTemplate2mm_s.nii.gz*
/cerebro/cerebro1/dataset/bmpd/derivatives/HealthyControls_project/func_preparation/3_func_smoothed/sub-A039/brain/*moco_brsc_BP*_inTemplate2mm_s.nii.gz*
/cerebro/cerebro1/dataset/bmpd/derivatives/HealthyControls_project/func_preparation/3_func_smoothed/sub-A043/brain/*moco_brsc_BP*_inTemplate2mm_s.nii.gz*
/cerebro/cerebro1/dataset/bmpd/derivatives/HealthyControls_project/func_preparation/3_func_smoothed/sub-A044/brain/*moco_brsc_BP*_inTemplate2mm_s.nii.gz*
/cerebro/cerebro1/dataset/bmpd/derivatives/HealthyControls_project/func_preparation/3_func_smoothed/sub-A045/brain/*moco_brsc_BP*_inTemplate2mm_s.nii.gz*
/cerebro/cerebro1/dataset/bmpd/derivatives/HealthyControls_project/func_preparation/3_func_smoothed/sub-A046/brain/*moco_brsc_BP*_inTemplate2mm_s.nii.gz*
/cerebro/cerebro1/dataset/bmpd/derivatives/HealthyControls_project/func_preparation/3_func_smoothed/sub-A048/brain/*moco_brsc_BP*_inTemplate2mm_s.nii.gz*
/cerebro/cerebro1/dataset/bmpd/derivatives/HealthyControls_project/func_preparation/3_func_smoothed/sub-A050/brain/*moco_brsc_BP*_inTemplate2mm_s.nii.gz*
/cerebro/cerebro1/dataset/bmpd/derivatives/HealthyControls_project/func_preparation/3_func_smoothed/sub-A051/brain/*moco_brsc_BP*_inTemplate2mm_s.nii.gz*
/cerebro/cerebro1/dataset/bmpd/derivatives/HealthyControls_project/func_preparation/3_func_smoothed/sub-A052/brain/*moco_brsc_BP*_inTemplate2mm_s.nii.gz*
/cerebro/cerebro1/dataset/bmpd/derivatives/thibault_test/code/toolbox/bmpd_python/lib/python3.6/site-packages/nilearn/__init__.py:69: FutureWarning: Python 3.6 support is deprecated and will be removed in release 0.10 of Nilearn. Consider switching to Python 3.8 or 3.9.
  _python_deprecation_warnings()
/cerebro/cerebro1/dataset/bmpd/derivatives/thibault_test/code/toolbox/bmpd_python/lib/python3.6/site-packages/outdated/utils.py:18: OutdatedPackageWarning: The package outdated is out of date. Your version is 0.2.1, the latest is 0.2.2.
Set the environment variable OUTDATED_IGNORE=1 to disable these warnings.
  **kwargs
/cerebro/cerebro1/dataset/bmpd/derivatives/thibault_test/code/toolbox/bmpd_python/lib/python3.6/site-packages/outdated/utils.py:18: OutdatedPackageWarning: The package pingouin is out of date. Your version is 0.3.12, the latest is 0.5.3.
Set the environment variable OUTDATED_IGNORE=1 to disable these warnings.
  **kwargs
data extracted:   0%|          | 0/14 [00:00<?, ?it/s]